[debug] [2023-09-23T17:51:01.258Z] ----------------------------------------------------------------------
[debug] [2023-09-23T17:51:01.259Z] Command:       C:\Program Files\nodejs\node.exe C:\Users\sawyerij\AppData\Roaming\npm\node_modules\firebase-tools\lib\bin\firebase.js init
[debug] [2023-09-23T17:51:01.259Z] CLI Version:   12.5.3
[debug] [2023-09-23T17:51:01.260Z] Platform:      win32
[debug] [2023-09-23T17:51:01.260Z] Node Version:  v18.17.1
[debug] [2023-09-23T17:51:01.261Z] Time:          Sat Sep 23 2023 13:51:01 GMT-0400 (Eastern Daylight Time)
[debug] [2023-09-23T17:51:01.261Z] ----------------------------------------------------------------------
[debug] 
[debug] [2023-09-23T17:51:01.266Z] > command requires scopes: ["email","openid","https://www.googleapis.com/auth/cloudplatformprojects.readonly","https://www.googleapis.com/auth/firebase","https://www.googleapis.com/auth/cloud-platform"]
[debug] [2023-09-23T17:51:01.266Z] > authorizing via signed-in user (ijsaw2@gmail.com)
[info] 
     ######## #### ########  ######## ########     ###     ######  ########
     ##        ##  ##     ## ##       ##     ##  ##   ##  ##       ##
     ######    ##  ########  ######   ########  #########  ######  ######
     ##        ##  ##    ##  ##       ##     ## ##     ##       ## ##
     ##       #### ##     ## ######## ########  ##     ##  ######  ########

You're about to initialize a Firebase project in this directory:

  C:\Users\sawyerij\CSSE-280-Homework

[info] 
=== Project Setup
[info] 
[info] First, let's associate this project directory with a Firebase project.
[info] You can create multiple project aliases by running firebase use --add, 
[info] but for now we'll just set up a default project.
[info] 
[debug] [2023-09-23T17:54:27.915Z] > refreshing access token with scopes: []
[debug] [2023-09-23T17:54:27.916Z] >>> [apiv2][query] POST https://www.googleapis.com/oauth2/v3/token [none]
[debug] [2023-09-23T17:54:27.916Z] >>> [apiv2][body] POST https://www.googleapis.com/oauth2/v3/token [omitted]
[debug] [2023-09-23T17:54:28.067Z] <<< [apiv2][status] POST https://www.googleapis.com/oauth2/v3/token 200
[debug] [2023-09-23T17:54:28.067Z] <<< [apiv2][body] POST https://www.googleapis.com/oauth2/v3/token [omitted]
[debug] [2023-09-23T17:54:28.080Z] >>> [apiv2][query] GET https://firebase.googleapis.com/v1beta1/projects pageSize=100
[debug] [2023-09-23T17:54:28.332Z] <<< [apiv2][status] GET https://firebase.googleapis.com/v1beta1/projects 200
[debug] [2023-09-23T17:54:28.332Z] <<< [apiv2][body] GET https://firebase.googleapis.com/v1beta1/projects [omitted]
[info] i  Using project sawyerij-llo (sawyerij-LLO) 
[info] 
=== Hosting Setup
[info] 
[info] Your public directory is the folder (relative to your project directory) that
[info] will contain Hosting assets to be uploaded with firebase deploy. If you
[info] have a build process for your assets, use your build's output directory.
[info] 
